{"D:\\KeepCoding\\Wallaclone\\register\\src\\App.js": {"path":"D:\\KeepCoding\\Wallaclone\\register\\src\\App.js","statementMap":{"0":{"start":{"line":4,"column":2},"end":{"line":12,"column":4}}},"fnMap":{"0":{"name":"App","decl":{"start":{"line":3,"column":9},"end":{"line":3,"column":12}},"loc":{"start":{"line":3,"column":15},"end":{"line":13,"column":1}},"line":3}},"branchMap":{},"s":{"0":1},"f":{"0":1},"b":{},"_coverageSchema":"1a1c01bbd47fc00a2c39e90264f33305004495a9","hash":"58ca7c87a01ab0f84dfdf0d6eb8dd1ded76b594b"}
,"D:\\KeepCoding\\Wallaclone\\register\\src\\index.js": {"path":"D:\\KeepCoding\\Wallaclone\\register\\src\\index.js","statementMap":{"0":{"start":{"line":7,"column":0},"end":{"line":14,"column":2}}},"fnMap":{},"branchMap":{},"s":{"0":0},"f":{},"b":{}}
}
